<?xml version="1.0" encoding="UTF-8"?>
<testng-results ignored="0" total="2" passed="2" failed="0" skipped="0">
  <reporter-output>
  </reporter-output>
  <suite started-at="2023-08-02T14:36:54 IST" name="Suite" finished-at="2023-08-02T14:37:29 IST" duration-ms="35666">
    <groups>
    </groups>
    <test started-at="2023-08-02T14:36:54 IST" name="Test" finished-at="2023-08-02T14:37:21 IST" duration-ms="27296">
      <class name="uk.co.automationtesting.AddRemoveItemBasketTest">
        <test-method is-config="true" signature="setUp()[pri:0, instance:uk.co.automationtesting.AddRemoveItemBasketTest@4de4b452]" started-at="2023-08-02T14:36:54 IST" name="setUp" finished-at="2023-08-02T14:37:02 IST" duration-ms="8412" status="PASS">
          <reporter-output>
          </reporter-output>
        </test-method> <!-- setUp -->
        <test-method signature="addRemoveItem()[pri:0, instance:uk.co.automationtesting.AddRemoveItemBasketTest@4de4b452]" started-at="2023-08-02T14:37:02 IST" name="addRemoveItem" finished-at="2023-08-02T14:37:20 IST" duration-ms="17552" status="PASS">
          <reporter-output>
          </reporter-output>
        </test-method> <!-- addRemoveItem -->
        <test-method is-config="true" signature="tearDown()[pri:0, instance:uk.co.automationtesting.AddRemoveItemBasketTest@4de4b452]" started-at="2023-08-02T14:37:20 IST" name="tearDown" finished-at="2023-08-02T14:37:21 IST" duration-ms="1271" status="PASS">
          <reporter-output>
          </reporter-output>
        </test-method> <!-- tearDown -->
      </class> <!-- uk.co.automationtesting.AddRemoveItemBasketTest -->
    </test> <!-- Test -->
    <test started-at="2023-08-02T14:36:54 IST" name="Test2" finished-at="2023-08-02T14:37:29 IST" duration-ms="35656">
      <class name="uk.co.automationtesting.OrderCompleteTest">
        <test-method is-config="true" signature="setUp()[pri:0, instance:uk.co.automationtesting.OrderCompleteTest@7205765b]" started-at="2023-08-02T14:36:54 IST" name="setUp" finished-at="2023-08-02T14:37:02 IST" duration-ms="7929" status="PASS">
          <reporter-output>
          </reporter-output>
        </test-method> <!-- setUp -->
        <test-method signature="endToEndTest()[pri:0, instance:uk.co.automationtesting.OrderCompleteTest@7205765b]" started-at="2023-08-02T14:37:02 IST" name="endToEndTest" finished-at="2023-08-02T14:37:29 IST" duration-ms="27182" status="PASS">
          <reporter-output>
          </reporter-output>
        </test-method> <!-- endToEndTest -->
        <test-method is-config="true" signature="tearDown()[pri:0, instance:uk.co.automationtesting.OrderCompleteTest@7205765b]" started-at="2023-08-02T14:37:29 IST" name="tearDown" finished-at="2023-08-02T14:37:29 IST" duration-ms="402" status="PASS">
          <reporter-output>
          </reporter-output>
        </test-method> <!-- tearDown -->
      </class> <!-- uk.co.automationtesting.OrderCompleteTest -->
    </test> <!-- Test2 -->
  </suite> <!-- Suite -->
</testng-results>
